# JRE version: Java(TM) SE Runtime Environment (8.0_101-b13) (build 1.8.0_101-b13)
# Java VM: Java HotSpot(TM) 64-Bit Server VM (25.101-b13 mixed mode linux-amd64 compressed oops)
Heap:
 PSYoungGen      total 168960K, used 65412K [0x00000000eab00000, 0x00000000f8480000, 0x0000000100000000)
  eden space 154624K, 42% used [0x00000000eab00000,0x00000000eeae1048,0x00000000f4200000)
  from space 14336K, 0% used [0x00000000f4f80000,0x00000000f4f80000,0x00000000f5d80000)
  to   space 13824K, 0% used [0x00000000f4200000,0x00000000f4200000,0x00000000f4f80000)
 ParOldGen       total 94208K, used 16408K [0x00000000c0000000, 0x00000000c5c00000, 0x00000000eab00000)
  object space 94208K, 17% used [0x00000000c0000000,0x00000000c1006100,0x00000000c5c00000)
 Metaspace       used 39075K, capacity 39838K, committed 40320K, reserved 1083392K
  class space    used 5224K, capacity 5442K, committed 5504K, reserved 1048576K
GC Heap History (10 events):
Event: 13.988 GC heap before
{Heap before GC invocations=4 (full 1):
 PSYoungGen      total 68608K, used 5112K [0x00000000eab00000, 0x00000000f3100000, 0x0000000100000000)
  eden space 63488K, 0% used [0x00000000eab00000,0x00000000eab00000,0x00000000ee900000)
  from space 5120K, 99% used [0x00000000ee900000,0x00000000eedfe0f0,0x00000000eee00000)
  to   space 5120K, 0% used [0x00000000f2c00000,0x00000000f2c00000,0x00000000f3100000)
 ParOldGen       total 84992K, used 7587K [0x00000000c0000000, 0x00000000c5300000, 0x00000000eab00000)
  object space 84992K, 8% used [0x00000000c0000000,0x00000000c0768c40,0x00000000c5300000)
 Metaspace       used 20759K, capacity 21138K, committed 21296K, reserved 1067008K
  class space    used 2795K, capacity 2921K, committed 2944K, reserved 1048576K
Event: 14.183 GC heap after
Heap after GC invocations=4 (full 1):
 PSYoungGen      total 68608K, used 0K [0x00000000eab00000, 0x00000000f3100000, 0x0000000100000000)
  eden space 63488K, 0% used [0x00000000eab00000,0x00000000eab00000,0x00000000ee900000)
  from space 5120K, 0% used [0x00000000ee900000,0x00000000ee900000,0x00000000eee00000)
  to   space 5120K, 0% used [0x00000000f2c00000,0x00000000f2c00000,0x00000000f3100000)
 ParOldGen       total 66048K, used 11410K [0x00000000c0000000, 0x00000000c4080000, 0x00000000eab00000)
  object space 66048K, 17% used [0x00000000c0000000,0x00000000c0b248a0,0x00000000c4080000)
 Metaspace       used 20759K, capacity 21138K, committed 21296K, reserved 1067008K
  class space    used 2795K, capacity 2921K, committed 2944K, reserved 1048576K
}
Event: 19.358 GC heap before
{Heap before GC invocations=5 (full 1):
 PSYoungGen      total 68608K, used 63488K [0x00000000eab00000, 0x00000000f3100000, 0x0000000100000000)
  eden space 63488K, 100% used [0x00000000eab00000,0x00000000ee900000,0x00000000ee900000)
  from space 5120K, 0% used [0x00000000ee900000,0x00000000ee900000,0x00000000eee00000)
  to   space 5120K, 0% used [0x00000000f2c00000,0x00000000f2c00000,0x00000000f3100000)
 ParOldGen       total 66048K, used 11410K [0x00000000c0000000, 0x00000000c4080000, 0x00000000eab00000)
  object space 66048K, 17% used [0x00000000c0000000,0x00000000c0b248a0,0x00000000c4080000)
 Metaspace       used 26013K, capacity 26674K, committed 26752K, reserved 1073152K
  class space    used 3476K, capacity 3660K, committed 3712K, reserved 1048576K
Event: 19.470 GC heap after
Heap after GC invocations=5 (full 1):
 PSYoungGen      total 103424K, used 5119K [0x00000000eab00000, 0x00000000f3100000, 0x0000000100000000)
  eden space 98304K, 0% used [0x00000000eab00000,0x00000000eab00000,0x00000000f0b00000)
  from space 5120K, 99% used [0x00000000f2c00000,0x00000000f30ffd60,0x00000000f3100000)
  to   space 5120K, 0% used [0x00000000f2700000,0x00000000f2700000,0x00000000f2c00000)
 ParOldGen       total 66048K, used 14661K [0x00000000c0000000, 0x00000000c4080000, 0x00000000eab00000)
  object space 66048K, 22% used [0x00000000c0000000,0x00000000c0e51670,0x00000000c4080000)
 Metaspace       used 26013K, capacity 26674K, committed 26752K, reserved 1073152K
  class space    used 3476K, capacity 3660K, committed 3712K, reserved 1048576K
}
Event: 28.612 GC heap before
{Heap before GC invocations=6 (full 1):
 PSYoungGen      total 103424K, used 103423K [0x00000000eab00000, 0x00000000f3100000, 0x0000000100000000)
  eden space 98304K, 100% used [0x00000000eab00000,0x00000000f0b00000,0x00000000f0b00000)
  from space 5120K, 99% used [0x00000000f2c00000,0x00000000f30ffd60,0x00000000f3100000)
  to   space 5120K, 0% used [0x00000000f2700000,0x00000000f2700000,0x00000000f2c00000)
 ParOldGen       total 66048K, used 14661K [0x00000000c0000000, 0x00000000c4080000, 0x00000000eab00000)
  object space 66048K, 22% used [0x00000000c0000000,0x00000000c0e51670,0x00000000c4080000)
 Metaspace       used 31550K, capacity 32404K, committed 32768K, reserved 1077248K
  class space    used 4312K, capacity 4521K, committed 4608K, reserved 1048576K
Event: 28.818 GC heap after
Heap after GC invocations=6 (full 1):
 PSYoungGen      total 132096K, used 5104K [0x00000000eab00000, 0x00000000f5d80000, 0x0000000100000000)
  eden space 126976K, 0% used [0x00000000eab00000,0x00000000eab00000,0x00000000f2700000)
  from space 5120K, 99% used [0x00000000f2700000,0x00000000f2bfc030,0x00000000f2c00000)
  to   space 14336K, 0% used [0x00000000f4f80000,0x00000000f4f80000,0x00000000f5d80000)
 ParOldGen       total 66048K, used 21230K [0x00000000c0000000, 0x00000000c4080000, 0x00000000eab00000)
  object space 66048K, 32% used [0x00000000c0000000,0x00000000c14bbaf0,0x00000000c4080000)
 Metaspace       used 31550K, capacity 32404K, committed 32768K, reserved 1077248K
  class space    used 4312K, capacity 4521K, committed 4608K, reserved 1048576K
}
Event: 35.896 GC heap before
{Heap before GC invocations=7 (full 1):
 PSYoungGen      total 132096K, used 73942K [0x00000000eab00000, 0x00000000f5d80000, 0x0000000100000000)
  eden space 126976K, 54% used [0x00000000eab00000,0x00000000eee39b58,0x00000000f2700000)
  from space 5120K, 99% used [0x00000000f2700000,0x00000000f2bfc030,0x00000000f2c00000)
  to   space 14336K, 0% used [0x00000000f4f80000,0x00000000f4f80000,0x00000000f5d80000)
 ParOldGen       total 66048K, used 21230K [0x00000000c0000000, 0x00000000c4080000, 0x00000000eab00000)
  object space 66048K, 32% used [0x00000000c0000000,0x00000000c14bbaf0,0x00000000c4080000)
 Metaspace       used 34605K, capacity 35408K, committed 35496K, reserved 1079296K
  class space    used 4672K, capacity 4845K, committed 4864K, reserved 1048576K
Event: 35.965 GC heap after
Heap after GC invocations=7 (full 1):
 PSYoungGen      total 168960K, used 8743K [0x00000000eab00000, 0x00000000f8480000, 0x0000000100000000)
  eden space 154624K, 0% used [0x00000000eab00000,0x00000000eab00000,0x00000000f4200000)
  from space 14336K, 60% used [0x00000000f4f80000,0x00000000f5809d20,0x00000000f5d80000)
  to   space 13824K, 0% used [0x00000000f4200000,0x00000000f4200000,0x00000000f4f80000)
 ParOldGen       total 66048K, used 21238K [0x00000000c0000000, 0x00000000c4080000, 0x00000000eab00000)
  object space 66048K, 32% used [0x00000000c0000000,0x00000000c14bdaf0,0x00000000c4080000)
 Metaspace       used 34605K, capacity 35408K, committed 35496K, reserved 1079296K
  class space    used 4672K, capacity 4845K, committed 4864K, reserved 1048576K
}
Event: 35.965 GC heap before
{Heap before GC invocations=8 (full 2):
 PSYoungGen      total 168960K, used 8743K [0x00000000eab00000, 0x00000000f8480000, 0x0000000100000000)
  eden space 154624K, 0% used [0x00000000eab00000,0x00000000eab00000,0x00000000f4200000)
  from space 14336K, 60% used [0x00000000f4f80000,0x00000000f5809d20,0x00000000f5d80000)
  to   space 13824K, 0% used [0x00000000f4200000,0x00000000f4200000,0x00000000f4f80000)
 ParOldGen       total 66048K, used 21238K [0x00000000c0000000, 0x00000000c4080000, 0x00000000eab00000)
  object space 66048K, 32% used [0x00000000c0000000,0x00000000c14bdaf0,0x00000000c4080000)
 Metaspace       used 34605K, capacity 35408K, committed 35496K, reserved 1079296K
  class space    used 4672K, capacity 4845K, committed 4864K, reserved 1048576K
Event: 36.272 GC heap after
Heap after GC invocations=8 (full 2):
 PSYoungGen      total 168960K, used 0K [0x00000000eab00000, 0x00000000f8480000, 0x0000000100000000)
  eden space 154624K, 0% used [0x00000000eab00000,0x00000000eab00000,0x00000000f4200000)
  from space 14336K, 0% used [0x00000000f4f80000,0x00000000f4f80000,0x00000000f5d80000)
  to   space 13824K, 0% used [0x00000000f4200000,0x00000000f4200000,0x00000000f4f80000)
 ParOldGen       total 94208K, used 16408K [0x00000000c0000000, 0x00000000c5c00000, 0x00000000eab00000)
  object space 94208K, 17% used [0x00000000c0000000,0x00000000c1006100,0x00000000c5c00000)
 Metaspace       used 34501K, capacity 35168K, committed 35496K, reserved 1079296K
  class space    used 4640K, capacity 4809K, committed 4864K, reserved 1048576K
}

