# JRE version: Java(TM) SE Runtime Environment (8.0_101-b13) (build 1.8.0_101-b13)
# Java VM: Java HotSpot(TM) 64-Bit Server VM (25.101-b13 mixed mode linux-amd64 compressed oops)
Heap:
 PSYoungGen      total 223744K, used 202031K [0x00000000eab00000, 0x00000000ff600000, 0x0000000100000000)
  eden space 204800K, 89% used [0x00000000eab00000,0x00000000f5e2f2b8,0x00000000f7300000)
  from space 18944K, 97% used [0x00000000f7300000,0x00000000f851caa8,0x00000000f8580000)
  to   space 67072K, 0% used [0x00000000fb480000,0x00000000fb480000,0x00000000ff600000)
 ParOldGen       total 186368K, used 41974K [0x00000000c0000000, 0x00000000cb600000, 0x00000000eab00000)
  object space 186368K, 22% used [0x00000000c0000000,0x00000000c28fd870,0x00000000cb600000)
 Metaspace       used 65890K, capacity 69374K, committed 69760K, reserved 1110016K
  class space    used 8460K, capacity 9116K, committed 9344K, reserved 1048576K
GC Heap History (10 events):
Event: 1521.122 GC heap before
{Heap before GC invocations=47 (full 11):
 PSYoungGen      total 278016K, used 206848K [0x00000000eab00000, 0x0000000100000000, 0x0000000100000000)
  eden space 206848K, 100% used [0x00000000eab00000,0x00000000f7500000,0x00000000f7500000)
  from space 71168K, 0% used [0x00000000f7500000,0x00000000f7500000,0x00000000fba80000)
  to   space 70144K, 0% used [0x00000000fbb80000,0x00000000fbb80000,0x0000000100000000)
 ParOldGen       total 186368K, used 41643K [0x00000000c0000000, 0x00000000cb600000, 0x00000000eab00000)
  object space 186368K, 22% used [0x00000000c0000000,0x00000000c28aad08,0x00000000cb600000)
 Metaspace       used 64690K, capacity 68068K, committed 69504K, reserved 1110016K
  class space    used 8339K, capacity 8965K, committed 9344K, reserved 1048576K
Event: 1521.155 GC heap after
Heap after GC invocations=47 (full 11):
 PSYoungGen      total 267776K, used 19169K [0x00000000eab00000, 0x00000000ff600000, 0x0000000100000000)
  eden space 207872K, 0% used [0x00000000eab00000,0x00000000eab00000,0x00000000f7600000)
  from space 59904K, 31% used [0x00000000fbb80000,0x00000000fce38508,0x00000000ff600000)
  to   space 65536K, 0% used [0x00000000f7600000,0x00000000f7600000,0x00000000fb600000)
 ParOldGen       total 186368K, used 41651K [0x00000000c0000000, 0x00000000cb600000, 0x00000000eab00000)
  object space 186368K, 22% used [0x00000000c0000000,0x00000000c28acd08,0x00000000cb600000)
 Metaspace       used 64690K, capacity 68068K, committed 69504K, reserved 1110016K
  class space    used 8339K, capacity 8965K, committed 9344K, reserved 1048576K
}
Event: 1528.120 GC heap before
{Heap before GC invocations=48 (full 11):
 PSYoungGen      total 267776K, used 227041K [0x00000000eab00000, 0x00000000ff600000, 0x0000000100000000)
  eden space 207872K, 100% used [0x00000000eab00000,0x00000000f7600000,0x00000000f7600000)
  from space 59904K, 31% used [0x00000000fbb80000,0x00000000fce38508,0x00000000ff600000)
  to   space 65536K, 0% used [0x00000000f7600000,0x00000000f7600000,0x00000000fb600000)
 ParOldGen       total 186368K, used 41651K [0x00000000c0000000, 0x00000000cb600000, 0x00000000eab00000)
  object space 186368K, 22% used [0x00000000c0000000,0x00000000c28acd08,0x00000000cb600000)
 Metaspace       used 65714K, capacity 69122K, committed 69504K, reserved 1110016K
  class space    used 8449K, capacity 9102K, committed 9344K, reserved 1048576K
Event: 1528.223 GC heap after
Heap after GC invocations=48 (full 11):
 PSYoungGen      total 273408K, used 52925K [0x00000000eab00000, 0x0000000100000000, 0x0000000100000000)
  eden space 207872K, 0% used [0x00000000eab00000,0x00000000eab00000,0x00000000f7600000)
  from space 65536K, 80% used [0x00000000f7600000,0x00000000fa9af580,0x00000000fb600000)
  to   space 72704K, 0% used [0x00000000fb900000,0x00000000fb900000,0x0000000100000000)
 ParOldGen       total 186368K, used 57529K [0x00000000c0000000, 0x00000000cb600000, 0x00000000eab00000)
  object space 186368K, 30% used [0x00000000c0000000,0x00000000c382e558,0x00000000cb600000)
 Metaspace       used 65714K, capacity 69122K, committed 69504K, reserved 1110016K
  class space    used 8449K, capacity 9102K, committed 9344K, reserved 1048576K
}
Event: 1546.546 GC heap before
{Heap before GC invocations=49 (full 11):
 PSYoungGen      total 273408K, used 160148K [0x00000000eab00000, 0x0000000100000000, 0x0000000100000000)
  eden space 207872K, 51% used [0x00000000eab00000,0x00000000f13b5ba8,0x00000000f7600000)
  from space 65536K, 80% used [0x00000000f7600000,0x00000000fa9af580,0x00000000fb600000)
  to   space 72704K, 0% used [0x00000000fb900000,0x00000000fb900000,0x0000000100000000)
 ParOldGen       total 186368K, used 57529K [0x00000000c0000000, 0x00000000cb600000, 0x00000000eab00000)
  object space 186368K, 30% used [0x00000000c0000000,0x00000000c382e558,0x00000000cb600000)
 Metaspace       used 65771K, capacity 69222K, committed 69760K, reserved 1110016K
  class space    used 8452K, capacity 9108K, committed 9344K, reserved 1048576K
Event: 1546.684 GC heap after
Heap after GC invocations=49 (full 11):
 PSYoungGen      total 277504K, used 1489K [0x00000000eab00000, 0x0000000100000000, 0x0000000100000000)
  eden space 204800K, 0% used [0x00000000eab00000,0x00000000eab00000,0x00000000f7300000)
  from space 72704K, 2% used [0x00000000fb900000,0x00000000fba74470,0x0000000100000000)
  to   space 71680K, 0% used [0x00000000f7300000,0x00000000f7300000,0x00000000fb900000)
 ParOldGen       total 186368K, used 109268K [0x00000000c0000000, 0x00000000cb600000, 0x00000000eab00000)
  object space 186368K, 58% used [0x00000000c0000000,0x00000000c6ab52b0,0x00000000cb600000)
 Metaspace       used 65771K, capacity 69222K, committed 69760K, reserved 1110016K
  class space    used 8452K, capacity 9108K, committed 9344K, reserved 1048576K
}
Event: 1546.684 GC heap before
{Heap before GC invocations=50 (full 12):
 PSYoungGen      total 277504K, used 1489K [0x00000000eab00000, 0x0000000100000000, 0x0000000100000000)
  eden space 204800K, 0% used [0x00000000eab00000,0x00000000eab00000,0x00000000f7300000)
  from space 72704K, 2% used [0x00000000fb900000,0x00000000fba74470,0x0000000100000000)
  to   space 71680K, 0% used [0x00000000f7300000,0x00000000f7300000,0x00000000fb900000)
 ParOldGen       total 186368K, used 109268K [0x00000000c0000000, 0x00000000cb600000, 0x00000000eab00000)
  object space 186368K, 58% used [0x00000000c0000000,0x00000000c6ab52b0,0x00000000cb600000)
 Metaspace       used 65771K, capacity 69222K, committed 69760K, reserved 1110016K
  class space    used 8452K, capacity 9108K, committed 9344K, reserved 1048576K
Event: 1547.068 GC heap after
Heap after GC invocations=50 (full 12):
 PSYoungGen      total 277504K, used 0K [0x00000000eab00000, 0x0000000100000000, 0x0000000100000000)
  eden space 204800K, 0% used [0x00000000eab00000,0x00000000eab00000,0x00000000f7300000)
  from space 72704K, 0% used [0x00000000fb900000,0x00000000fb900000,0x0000000100000000)
  to   space 71680K, 0% used [0x00000000f7300000,0x00000000f7300000,0x00000000fb900000)
 ParOldGen       total 186368K, used 41966K [0x00000000c0000000, 0x00000000cb600000, 0x00000000eab00000)
  object space 186368K, 22% used [0x00000000c0000000,0x00000000c28fb870,0x00000000cb600000)
 Metaspace       used 64767K, capacity 68168K, committed 69760K, reserved 1110016K
  class space    used 8342K, capacity 8971K, committed 9344K, reserved 1048576K
}
Event: 1816.625 GC heap before
{Heap before GC invocations=51 (full 12):
 PSYoungGen      total 277504K, used 204800K [0x00000000eab00000, 0x0000000100000000, 0x0000000100000000)
  eden space 204800K, 100% used [0x00000000eab00000,0x00000000f7300000,0x00000000f7300000)
  from space 72704K, 0% used [0x00000000fb900000,0x00000000fb900000,0x0000000100000000)
  to   space 71680K, 0% used [0x00000000f7300000,0x00000000f7300000,0x00000000fb900000)
 ParOldGen       total 186368K, used 41966K [0x00000000c0000000, 0x00000000cb600000, 0x00000000eab00000)
  object space 186368K, 22% used [0x00000000c0000000,0x00000000c28fb870,0x00000000cb600000)
 Metaspace       used 64867K, capacity 68320K, committed 69760K, reserved 1110016K
  class space    used 8350K, capacity 8979K, committed 9344K, reserved 1048576K
Event: 1816.714 GC heap after
Heap after GC invocations=51 (full 12):
 PSYoungGen      total 223744K, used 18546K [0x00000000eab00000, 0x00000000ff600000, 0x0000000100000000)
  eden space 204800K, 0% used [0x00000000eab00000,0x00000000eab00000,0x00000000f7300000)
  from space 18944K, 97% used [0x00000000f7300000,0x00000000f851caa8,0x00000000f8580000)
  to   space 67072K, 0% used [0x00000000fb480000,0x00000000fb480000,0x00000000ff600000)
 ParOldGen       total 186368K, used 41974K [0x00000000c0000000, 0x00000000cb600000, 0x00000000eab00000)
  object space 186368K, 22% used [0x00000000c0000000,0x00000000c28fd870,0x00000000cb600000)
 Metaspace       used 64867K, capacity 68320K, committed 69760K, reserved 1110016K
  class space    used 8350K, capacity 8979K, committed 9344K, reserved 1048576K
}

